<?xml version="1.0" encoding="UTF-8"?>
<coverage generated="1784971841884" clover="3.2.0">
  <project timestamp="1784971841884" name="All files">
    <metrics statements="7" coveredstatements="7" conditionals="5" coveredconditionals="5" methods="1" coveredmethods="1" elements="13" coveredelements="13" complexity="0" loc="7" ncloc="7" packages="1" files="1" classes="1"/>
    <file name="security.ts" path="/home/chinmay-ct/myProjects/Payment-Gateway/server/utils/security.ts">
      <metrics statements="7" coveredstatements="7" conditionals="5" coveredconditionals="5" methods="1" coveredmethods="1"/>
      <line num="1" count="1" type="stmt"/>
      <line num="3" count="1" type="stmt"/>
      <line num="9" count="7" type="cond" truecount="5" falsecount="0"/>
      <line num="10" count="4" type="stmt"/>
      <line num="12" count="3" type="stmt"/>
      <line num="13" count="3" type="stmt"/>
      <line num="17" count="3" type="stmt"/>
    </file>
  </project>
</coverage>
